<?xml version="1.0" encoding="UTF-8"?>
<!-- Generated by org.testng.reporters.JUnitReportReporter -->
<testsuite name="com.salesforce.login.GoToProfilePage" tests="2" time="15.906" ignored="0" failures="0" timestamp="19 Feb 2021 08:45:22 GMT" skipped="0" hostname="LAPTOP-7URMMQ5D" errors="0">
  <testcase name="login" time="11.045" classname="com.salesforce.login.GoToProfilePage"/>
  <testcase name="myProfil" time="4.861" classname="com.salesforce.login.GoToProfilePage"/>
</testsuite> <!-- com.salesforce.login.GoToProfilePage -->
