<?xml version="1.0" encoding="UTF-8"?>
<!-- Generated by org.testng.reporters.JUnitReportReporter -->
<testsuite name="com.salesforce.login.loginSalesforce" tests="2" time="14.117" ignored="0" failures="0" timestamp="19 Feb 2021 07:32:22 GMT" skipped="0" hostname="LAPTOP-7URMMQ5D" errors="0">
  <testcase name="to_Check_Whether_Login_Happening_Or_Not" time="9.848" classname="com.salesforce.login.loginSalesforce"/>
  <testcase name="To_check_Error_For_Invalid_Login" time="4.269" classname="com.salesforce.login.loginSalesforce"/>
</testsuite> <!-- com.salesforce.login.loginSalesforce -->
