<?xml version="1.0" encoding="UTF-8"?>
<!-- Generated by org.testng.reporters.JUnitReportReporter -->
<testsuite name="com.tekarch.login.loginTekApp" tests="2" time="3.907" ignored="0" failures="0" timestamp="19 Feb 2021 05:27:25 GMT" skipped="0" hostname="LAPTOP-7URMMQ5D" errors="0">
  <testcase name="To_check_Error_For_Invalid_Login" time="2.713" classname="com.tekarch.login.loginTekApp"/>
  <testcase name="to_Check_Whether_Login_Happening_Or_Not" time="1.194" classname="com.tekarch.login.loginTekApp"/>
</testsuite> <!-- com.tekarch.login.loginTekApp -->
